<?xml version="1.0" encoding="UTF-8"?>
<!-- Generated by org.testng.reporters.JUnitReportReporter -->
<testsuite hostname="DESKTOP-T8K7OSR" name="com.cucunber.testRunner.TestRunner" tests="1" failures="0" timestamp="26 Jan 2020 09:14:01 GMT" time="0.067" errors="0">
  <testcase name="feature" time="0.067" classname="com.cucunber.testRunner.TestRunner"/>
</testsuite> <!-- com.cucunber.testRunner.TestRunner -->
